d:\personal work\snakegame_cpp\engine\debug\snake.obj
d:\personal work\snakegame_cpp\engine\debug\graphics.obj
d:\personal work\snakegame_cpp\engine\debug\food.obj
d:\personal work\snakegame_cpp\engine\debug\mouse.obj
d:\personal work\snakegame_cpp\engine\debug\dxerr.obj
d:\personal work\snakegame_cpp\engine\debug\keyboard.obj
d:\personal work\snakegame_cpp\engine\debug\board.obj
d:\personal work\snakegame_cpp\engine\debug\frametimer.obj
d:\personal work\snakegame_cpp\engine\debug\game.obj
d:\personal work\snakegame_cpp\engine\debug\mainwindow.obj
d:\personal work\snakegame_cpp\engine\debug\main.obj
d:\personal work\snakegame_cpp\engine\debug\vc141.pdb
d:\personal work\snakegame_cpp\engine\debug\sound.obj
d:\personal work\snakegame_cpp\engine\framebufferps.shh
d:\personal work\snakegame_cpp\engine\framebuffervs.shh
d:\personal work\snakegame_cpp\debug\engine.exe
d:\personal work\snakegame_cpp\debug\engine.ilk
d:\personal work\snakegame_cpp\debug\engine.pdb
d:\personal work\snakegame_cpp\engine\debug\resource.res
d:\personal work\snakegame_cpp\engine\debug\vc141.idb
d:\personal work\snakegame_cpp\engine\debug\engine.tlog\cl.command.1.tlog
d:\personal work\snakegame_cpp\engine\debug\engine.tlog\cl.read.1.tlog
d:\personal work\snakegame_cpp\engine\debug\engine.tlog\cl.write.1.tlog
d:\personal work\snakegame_cpp\engine\debug\engine.tlog\fxc.command.1.tlog
d:\personal work\snakegame_cpp\engine\debug\engine.tlog\fxc.read.1.tlog
d:\personal work\snakegame_cpp\engine\debug\engine.tlog\fxc.write.1.tlog
d:\personal work\snakegame_cpp\engine\debug\engine.tlog\link.command.1.tlog
d:\personal work\snakegame_cpp\engine\debug\engine.tlog\link.read.1.tlog
d:\personal work\snakegame_cpp\engine\debug\engine.tlog\link.write.1.tlog
d:\personal work\snakegame_cpp\engine\debug\engine.tlog\rc.command.1.tlog
d:\personal work\snakegame_cpp\engine\debug\engine.tlog\rc.read.1.tlog
d:\personal work\snakegame_cpp\engine\debug\engine.tlog\rc.write.1.tlog
