d:\personal work\arkanoid game\engine\x64\debug\main.obj
d:\personal work\arkanoid game\engine\x64\debug\brick.obj
d:\personal work\arkanoid game\engine\x64\debug\rectf.obj
d:\personal work\arkanoid game\engine\x64\debug\graphics.obj
d:\personal work\arkanoid game\engine\x64\debug\sound.obj
d:\personal work\arkanoid game\engine\x64\debug\vec2.obj
d:\personal work\arkanoid game\engine\x64\debug\mainwindow.obj
d:\personal work\arkanoid game\engine\x64\debug\keyboard.obj
d:\personal work\arkanoid game\engine\x64\debug\mouse.obj
d:\personal work\arkanoid game\engine\x64\debug\dxerr.obj
d:\personal work\arkanoid game\engine\x64\debug\frametimer.obj
d:\personal work\arkanoid game\engine\x64\debug\game.obj
d:\personal work\arkanoid game\engine\x64\debug\vc141.pdb
d:\personal work\arkanoid game\engine\x64\debug\ball.obj
d:\personal work\arkanoid game\engine\x64\debug\spritecode.obj
d:\personal work\arkanoid game\engine\x64\debug\paddle.obj
d:\personal work\arkanoid game\engine\framebufferps.shh
d:\personal work\arkanoid game\engine\framebuffervs.shh
d:\personal work\arkanoid game\x64\debug\engine.exe
d:\personal work\arkanoid game\x64\debug\engine.ilk
d:\personal work\arkanoid game\x64\debug\engine.pdb
d:\personal work\arkanoid game\engine\x64\debug\resource.res
d:\personal work\arkanoid game\engine\x64\debug\board.obj
d:\personal work\arkanoid game\engine\x64\debug\food.obj
d:\personal work\arkanoid game\engine\x64\debug\snake.obj
d:\personal work\arkanoid game\engine\x64\debug\vc141.idb
d:\personal work\arkanoid game\engine\x64\debug\engine.tlog\cl.command.1.tlog
d:\personal work\arkanoid game\engine\x64\debug\engine.tlog\cl.read.1.tlog
d:\personal work\arkanoid game\engine\x64\debug\engine.tlog\cl.write.1.tlog
d:\personal work\arkanoid game\engine\x64\debug\engine.tlog\fxc.command.1.tlog
d:\personal work\arkanoid game\engine\x64\debug\engine.tlog\fxc.read.1.tlog
d:\personal work\arkanoid game\engine\x64\debug\engine.tlog\fxc.write.1.tlog
d:\personal work\arkanoid game\engine\x64\debug\engine.tlog\link.command.1.tlog
d:\personal work\arkanoid game\engine\x64\debug\engine.tlog\link.read.1.tlog
d:\personal work\arkanoid game\engine\x64\debug\engine.tlog\link.write.1.tlog
d:\personal work\arkanoid game\engine\x64\debug\engine.tlog\rc.command.1.tlog
d:\personal work\arkanoid game\engine\x64\debug\engine.tlog\rc.read.1.tlog
d:\personal work\arkanoid game\engine\x64\debug\engine.tlog\rc.write.1.tlog
